0 info it worked if it ends with ok
1 verbose cli [ '/usr/local/bin/node', '/usr/local/bin/npm', 'run', 'build' ]
2 info using npm@3.10.10
3 info using node@v6.11.1
4 verbose run-script [ 'prebuild', 'build', 'postbuild' ]
5 info lifecycle ecmascript2015-fast-course@1.0.0~prebuild: ecmascript2015-fast-course@1.0.0
6 silly lifecycle ecmascript2015-fast-course@1.0.0~prebuild: no script for prebuild, continuing
7 info lifecycle ecmascript2015-fast-course@1.0.0~build: ecmascript2015-fast-course@1.0.0
8 verbose lifecycle ecmascript2015-fast-course@1.0.0~build: unsafe-perm in lifecycle true
9 verbose lifecycle ecmascript2015-fast-course@1.0.0~build: PATH: /usr/local/lib/node_modules/npm/bin/node-gyp-bin:/Applications/XAMPP/xamppfiles/htdocs/estudos/typescript/curso-berardo/es6/node_modules/.bin:/usr/local/bin:/usr/bin:/bin:/usr/sbin:/sbin:/Users/leonardo/npm/bin:/Users/leonardo/npm/lib/node_modules/cordova/bin/cordova:/Applications/Postgres.app/Contents/Versions/9.4/bin/psql:/Applications/Postgres.app/Contents/Versions/9.4/bin:/Users/leonardo/npm/lib/node_modules/:/Users/leonardo/npm/lib/node_modules:/Users/leonardo/npm/lib/node_modules/express:/Users/leonardo/npm/lib/node_modules/express/lib:/Users/leonardo/npm/lib/node_modules/express/lib/express.js:/Users/leonardo/npm/lib/node_modules/express/node_modules:/Users/leonardo/npm/lib/node_modules/cordova:/Users/leonardo/npm/lib/node_modules/cordova/bin:/Users/leonardo/npm/lib/node_modules/phonegap:/Users/leonardo/npm/lib/node_modules/phonegap/bin:/Users/leonardo/npm/lib/node_modules/phonegap/bin/phonegap.js:/Applications/XAMPP/xamppfiles/htdocs/sdk/android-sdk/platform-tools:/Applications/XAMPP/xamppfiles/htdocs/sdk/android-sdk/tools:/Applications/XAMPP/xamppfiles/htdocs/sdk/android-sdk/:/Applications/XAMPP/xamppfiles/htdocs/ant/apache-ant-1.9.4/bin:/Users/leonardo/npm/lib/node_modules/compass:/Users/leonardo/npm/lib/node_modules/compass/lib:/Users/leonardo/npm/bin:/Users/leonardo/npm/lib/node_modules/cordova/bin/cordova:/Applications/Postgres.app/Contents/Versions/9.4/bin/psql:/Applications/Postgres.app/Contents/Versions/9.4/bin:/Users/leonardo/npm/lib/node_modules/:/Users/leonardo/npm/lib/node_modules:/Users/leonardo/npm/lib/node_modules/express:/Users/leonardo/npm/lib/node_modules/express/lib:/Users/leonardo/npm/lib/node_modules/express/lib/express.js:/Users/leonardo/npm/lib/node_modules/express/node_modules:/Users/leonardo/npm/lib/node_modules/cordova:/Users/leonardo/npm/lib/node_modules/cordova/bin:/Users/leonardo/npm/lib/node_modules/phonegap:/Users/leonardo/npm/lib/node_modules/phonegap/bin:/Users/leonardo/npm/lib/node_modules/phonegap/bin/phonegap.js:/Applications/XAMPP/xamppfiles/htdocs/sdk/android-sdk/platform-tools:/Applications/XAMPP/xamppfiles/htdocs/sdk/android-sdk/tools:/Applications/XAMPP/xamppfiles/htdocs/sdk/android-sdk/:/Applications/XAMPP/xamppfiles/htdocs/ant/apache-ant-1.9.4/bin:/Users/leonardo/npm/lib/node_modules/compass:/Users/leonardo/npm/lib/node_modules/compass/lib:/Users/leonardo/npm/bin
10 verbose lifecycle ecmascript2015-fast-course@1.0.0~build: CWD: /Applications/XAMPP/xamppfiles/htdocs/estudos/typescript/curso-berardo/es6
11 silly lifecycle ecmascript2015-fast-course@1.0.0~build: Args: [ '-c', 'npm run clean && webpack' ]
12 silly lifecycle ecmascript2015-fast-course@1.0.0~build: Returned: code: 2  signal: null
13 info lifecycle ecmascript2015-fast-course@1.0.0~build: Failed to exec build script
14 verbose stack Error: ecmascript2015-fast-course@1.0.0 build: `npm run clean && webpack`
14 verbose stack Exit status 2
14 verbose stack     at EventEmitter.<anonymous> (/usr/local/lib/node_modules/npm/lib/utils/lifecycle.js:255:16)
14 verbose stack     at emitTwo (events.js:106:13)
14 verbose stack     at EventEmitter.emit (events.js:191:7)
14 verbose stack     at ChildProcess.<anonymous> (/usr/local/lib/node_modules/npm/lib/utils/spawn.js:40:14)
14 verbose stack     at emitTwo (events.js:106:13)
14 verbose stack     at ChildProcess.emit (events.js:191:7)
14 verbose stack     at maybeClose (internal/child_process.js:891:16)
14 verbose stack     at Process.ChildProcess._handle.onexit (internal/child_process.js:226:5)
15 verbose pkgid ecmascript2015-fast-course@1.0.0
16 verbose cwd /Applications/XAMPP/xamppfiles/htdocs/estudos/typescript/curso-berardo/es6
17 error Darwin 16.0.0
18 error argv "/usr/local/bin/node" "/usr/local/bin/npm" "run" "build"
19 error node v6.11.1
20 error npm  v3.10.10
21 error code ELIFECYCLE
22 error ecmascript2015-fast-course@1.0.0 build: `npm run clean && webpack`
22 error Exit status 2
23 error Failed at the ecmascript2015-fast-course@1.0.0 build script 'npm run clean && webpack'.
23 error Make sure you have the latest version of node.js and npm installed.
23 error If you do, this is most likely a problem with the ecmascript2015-fast-course package,
23 error not with npm itself.
23 error Tell the author that this fails on your system:
23 error     npm run clean && webpack
23 error You can get information on how to open an issue for this project with:
23 error     npm bugs ecmascript2015-fast-course
23 error Or if that isn't available, you can get their info via:
23 error     npm owner ls ecmascript2015-fast-course
23 error There is likely additional logging output above.
24 verbose exit [ 1, true ]
